<?xml version="1.0" encoding="utf-8"?><testsuites name="pytest tests"><testsuite name="pytest" errors="0" failures="0" skipped="0" tests="2" time="1.731" timestamp="2025-06-21T15:27:25.112029-05:00" hostname="Lukes-MacBook-Pro.local"><testcase classname="tests.test_hello" name="test_health_endpoint" time="0.026" /><testcase classname="tests.test_hello" name="test_root_endpoint" time="0.001" /></testsuite></testsuites>